mode: set
github.com/ziyad/cms-ai/server/internal/ai/huggingface.go:63.68,64.18 1 1
github.com/ziyad/cms-ai/server/internal/ai/huggingface.go:64.18,66.3 1 1
github.com/ziyad/cms-ai/server/internal/ai/huggingface.go:67.2,67.17 1 1
github.com/ziyad/cms-ai/server/internal/ai/huggingface.go:67.17,69.3 1 1
github.com/ziyad/cms-ai/server/internal/ai/huggingface.go:71.2,78.3 1 1
github.com/ziyad/cms-ai/server/internal/ai/huggingface.go:81.123,103.16 4 0
github.com/ziyad/cms-ai/server/internal/ai/huggingface.go:103.16,105.3 1 0
github.com/ziyad/cms-ai/server/internal/ai/huggingface.go:108.2,109.16 2 0
github.com/ziyad/cms-ai/server/internal/ai/huggingface.go:109.16,111.3 1 0
github.com/ziyad/cms-ai/server/internal/ai/huggingface.go:114.2,119.16 4 0
github.com/ziyad/cms-ai/server/internal/ai/huggingface.go:119.16,123.3 2 0
github.com/ziyad/cms-ai/server/internal/ai/huggingface.go:124.2,128.16 3 0
github.com/ziyad/cms-ai/server/internal/ai/huggingface.go:128.16,130.3 1 0
github.com/ziyad/cms-ai/server/internal/ai/huggingface.go:132.2,132.38 1 0
github.com/ziyad/cms-ai/server/internal/ai/huggingface.go:132.38,134.3 1 0
github.com/ziyad/cms-ai/server/internal/ai/huggingface.go:137.2,138.58 2 0
github.com/ziyad/cms-ai/server/internal/ai/huggingface.go:138.58,140.3 1 0
github.com/ziyad/cms-ai/server/internal/ai/huggingface.go:142.2,142.30 1 0
github.com/ziyad/cms-ai/server/internal/ai/huggingface.go:142.30,144.3 1 0
github.com/ziyad/cms-ai/server/internal/ai/huggingface.go:146.2,150.16 3 0
github.com/ziyad/cms-ai/server/internal/ai/huggingface.go:150.16,152.3 1 0
github.com/ziyad/cms-ai/server/internal/ai/huggingface.go:155.2,155.61 1 0
github.com/ziyad/cms-ai/server/internal/ai/huggingface.go:155.61,157.3 1 0
github.com/ziyad/cms-ai/server/internal/ai/huggingface.go:160.2,169.8 3 0
github.com/ziyad/cms-ai/server/internal/ai/huggingface.go:173.77,226.24 3 1
github.com/ziyad/cms-ai/server/internal/ai/huggingface.go:226.24,228.3 1 1
github.com/ziyad/cms-ai/server/internal/ai/huggingface.go:229.2,229.20 1 1
github.com/ziyad/cms-ai/server/internal/ai/huggingface.go:229.20,231.3 1 1
github.com/ziyad/cms-ai/server/internal/ai/huggingface.go:232.2,232.13 1 1
github.com/ziyad/cms-ai/server/internal/ai/huggingface.go:232.13,234.3 1 0
github.com/ziyad/cms-ai/server/internal/ai/huggingface.go:235.2,235.25 1 1
github.com/ziyad/cms-ai/server/internal/ai/huggingface.go:235.25,237.3 1 0
github.com/ziyad/cms-ai/server/internal/ai/huggingface.go:238.2,238.30 1 1
github.com/ziyad/cms-ai/server/internal/ai/huggingface.go:238.30,240.43 2 0
github.com/ziyad/cms-ai/server/internal/ai/huggingface.go:240.43,242.4 1 0
github.com/ziyad/cms-ai/server/internal/ai/huggingface.go:245.2,248.15 3 1
github.com/ziyad/cms-ai/server/internal/ai/huggingface.go:251.57,280.2 1 1
github.com/ziyad/cms-ai/server/internal/ai/huggingface.go:282.97,287.62 3 1
github.com/ziyad/cms-ai/server/internal/ai/huggingface.go:287.62,289.3 1 1
github.com/ziyad/cms-ai/server/internal/ai/huggingface.go:291.2,294.71 3 1
github.com/ziyad/cms-ai/server/internal/ai/huggingface.go:294.71,296.3 1 0
github.com/ziyad/cms-ai/server/internal/ai/huggingface.go:298.2,298.27 1 1
github.com/ziyad/cms-ai/server/internal/ai/huggingface.go:301.89,302.25 1 1
github.com/ziyad/cms-ai/server/internal/ai/huggingface.go:302.25,304.3 1 0
github.com/ziyad/cms-ai/server/internal/ai/huggingface.go:306.2,306.36 1 1
github.com/ziyad/cms-ai/server/internal/ai/huggingface.go:306.36,308.3 1 1
github.com/ziyad/cms-ai/server/internal/ai/huggingface.go:310.2,310.46 1 1
github.com/ziyad/cms-ai/server/internal/ai/huggingface.go:310.46,311.24 1 1
github.com/ziyad/cms-ai/server/internal/ai/huggingface.go:311.24,313.4 1 0
github.com/ziyad/cms-ai/server/internal/ai/huggingface.go:315.3,315.51 1 1
github.com/ziyad/cms-ai/server/internal/ai/huggingface.go:315.51,316.28 1 1
github.com/ziyad/cms-ai/server/internal/ai/huggingface.go:316.28,318.5 1 0
github.com/ziyad/cms-ai/server/internal/ai/huggingface.go:320.4,323.63 1 1
github.com/ziyad/cms-ai/server/internal/ai/huggingface.go:323.63,325.5 1 1
github.com/ziyad/cms-ai/server/internal/ai/huggingface.go:329.2,329.12 1 1
github.com/ziyad/cms-ai/server/internal/ai/huggingface.go:332.77,335.2 1 1
github.com/ziyad/cms-ai/server/internal/ai/huggingface.go:337.63,344.2 3 1
github.com/ziyad/cms-ai/server/internal/ai/huggingface.go:346.93,403.2 2 0
github.com/ziyad/cms-ai/server/internal/ai/orchestrator.go:23.37,26.17 3 1
github.com/ziyad/cms-ai/server/internal/ai/orchestrator.go:26.17,28.3 1 1
github.com/ziyad/cms-ai/server/internal/ai/orchestrator.go:30.2,32.3 1 1
github.com/ziyad/cms-ai/server/internal/ai/orchestrator.go:35.118,38.16 2 0
github.com/ziyad/cms-ai/server/internal/ai/orchestrator.go:38.16,40.3 1 0
github.com/ziyad/cms-ai/server/internal/ai/orchestrator.go:43.2,43.41 1 0
github.com/ziyad/cms-ai/server/internal/ai/orchestrator.go:46.155,56.16 4 0
github.com/ziyad/cms-ai/server/internal/ai/orchestrator.go:56.16,58.3 1 0
github.com/ziyad/cms-ai/server/internal/ai/orchestrator.go:60.2,60.23 1 0
github.com/ziyad/cms-ai/server/internal/ai/orchestrator.go:63.118,73.2 3 0
github.com/ziyad/cms-ai/server/internal/ai/orchestrator.go:75.112,78.29 3 1
github.com/ziyad/cms-ai/server/internal/ai/orchestrator.go:78.29,80.3 1 1
github.com/ziyad/cms-ai/server/internal/ai/orchestrator.go:81.2,84.60 2 1
github.com/ziyad/cms-ai/server/internal/ai/orchestrator.go:84.60,86.3 1 1
github.com/ziyad/cms-ai/server/internal/ai/orchestrator.go:88.2,90.15 2 1
github.com/ziyad/cms-ai/server/internal/ai/orchestrator.go:104.49,109.2 1 1
github.com/ziyad/cms-ai/server/internal/ai/orchestrator.go:112.182,114.22 1 1
github.com/ziyad/cms-ai/server/internal/ai/orchestrator.go:114.22,116.17 2 1
github.com/ziyad/cms-ai/server/internal/ai/orchestrator.go:116.17,117.33 1 1
github.com/ziyad/cms-ai/server/internal/ai/orchestrator.go:117.33,118.28 1 1
github.com/ziyad/cms-ai/server/internal/ai/orchestrator.go:118.28,119.54 1 1
github.com/ziyad/cms-ai/server/internal/ai/orchestrator.go:119.54,121.7 1 1
github.com/ziyad/cms-ai/server/internal/ai/orchestrator.go:122.6,122.11 1 1
github.com/ziyad/cms-ai/server/internal/ai/orchestrator.go:129.2,130.16 2 1
github.com/ziyad/cms-ai/server/internal/ai/orchestrator.go:130.16,132.3 1 1
github.com/ziyad/cms-ai/server/internal/ai/orchestrator.go:135.2,144.29 3 1
github.com/ziyad/cms-ai/server/internal/ai/orchestrator.go:147.34,151.2 1 1
github.com/ziyad/cms-ai/server/internal/auth/auth.go:26.69,28.2 1 1
github.com/ziyad/cms-ai/server/internal/auth/auth.go:30.56,33.2 2 1
github.com/ziyad/cms-ai/server/internal/auth/auth.go:45.76,48.33 3 1
github.com/ziyad/cms-ai/server/internal/auth/auth.go:48.33,50.3 1 1
github.com/ziyad/cms-ai/server/internal/auth/auth.go:51.2,52.16 2 1
github.com/ziyad/cms-ai/server/internal/auth/auth.go:52.16,54.3 1 1
github.com/ziyad/cms-ai/server/internal/auth/auth.go:55.2,55.64 1 1
github.com/ziyad/cms-ai/server/internal/auth/auth.go:58.46,60.2 1 1
github.com/ziyad/cms-ai/server/internal/auth/auth.go:62.27,63.11 1 1
github.com/ziyad/cms-ai/server/internal/auth/auth.go:64.17,65.11 1 1
github.com/ziyad/cms-ai/server/internal/auth/auth.go:66.17,67.11 1 1
github.com/ziyad/cms-ai/server/internal/auth/auth.go:68.18,69.11 1 1
github.com/ziyad/cms-ai/server/internal/auth/auth.go:70.18,71.11 1 1
github.com/ziyad/cms-ai/server/internal/auth/auth.go:72.10,73.11 1 0
github.com/ziyad/cms-ai/server/internal/auth/jwt.go:14.28,16.18 2 1
github.com/ziyad/cms-ai/server/internal/auth/jwt.go:16.18,19.3 1 1
github.com/ziyad/cms-ai/server/internal/auth/jwt.go:20.2,20.15 1 0
github.com/ziyad/cms-ai/server/internal/auth/jwt.go:33.73,35.22 2 1
github.com/ziyad/cms-ai/server/internal/auth/jwt.go:35.22,37.3 1 1
github.com/ziyad/cms-ai/server/internal/auth/jwt.go:40.2,40.56 1 1
github.com/ziyad/cms-ai/server/internal/auth/jwt.go:40.56,42.3 1 1
github.com/ziyad/cms-ai/server/internal/auth/jwt.go:43.2,46.104 2 1
github.com/ziyad/cms-ai/server/internal/auth/jwt.go:46.104,48.58 1 1
github.com/ziyad/cms-ai/server/internal/auth/jwt.go:48.58,50.4 1 0
github.com/ziyad/cms-ai/server/internal/auth/jwt.go:51.3,51.24 1 1
github.com/ziyad/cms-ai/server/internal/auth/jwt.go:54.2,54.16 1 1
github.com/ziyad/cms-ai/server/internal/auth/jwt.go:54.16,56.3 1 1
github.com/ziyad/cms-ai/server/internal/auth/jwt.go:58.2,58.61 1 1
github.com/ziyad/cms-ai/server/internal/auth/jwt.go:58.61,64.3 1 1
github.com/ziyad/cms-ai/server/internal/auth/jwt.go:66.2,66.39 1 0
github.com/ziyad/cms-ai/server/internal/auth/jwt.go:70.69,85.2 4 1
github.com/ziyad/cms-ai/server/internal/assets/gcs_storage.go:19.84,20.26 1 0
github.com/ziyad/cms-ai/server/internal/assets/gcs_storage.go:20.26,22.3 1 0
github.com/ziyad/cms-ai/server/internal/assets/gcs_storage.go:24.2,24.25 1 0
github.com/ziyad/cms-ai/server/internal/assets/gcs_storage.go:24.25,26.3 1 0
github.com/ziyad/cms-ai/server/internal/assets/gcs_storage.go:28.2,29.19 2 0
github.com/ziyad/cms-ai/server/internal/assets/gcs_storage.go:29.19,32.3 1 0
github.com/ziyad/cms-ai/server/internal/assets/gcs_storage.go:34.2,37.8 1 0
github.com/ziyad/cms-ai/server/internal/assets/gcs_storage.go:41.120,43.2 1 0
github.com/ziyad/cms-ai/server/internal/assets/gcs_storage.go:46.131,48.2 1 0
github.com/ziyad/cms-ai/server/internal/assets/gcs_storage.go:51.104,53.2 1 0
github.com/ziyad/cms-ai/server/internal/assets/gcs_storage.go:56.80,58.2 1 0
github.com/ziyad/cms-ai/server/internal/assets/gcs_storage.go:61.93,63.2 1 0
github.com/ziyad/cms-ai/server/internal/assets/gcs_storage.go:66.68,68.2 1 0
github.com/ziyad/cms-ai/server/internal/assets/gcs_storage.go:71.76,73.2 1 0
github.com/ziyad/cms-ai/server/internal/assets/gcs_storage.go:76.97,78.2 1 0
github.com/ziyad/cms-ai/server/internal/assets/gcs_storage.go:81.92,83.2 1 0
github.com/ziyad/cms-ai/server/internal/assets/local_storage.go:20.73,21.28 1 1
github.com/ziyad/cms-ai/server/internal/assets/local_storage.go:21.28,23.3 1 0
github.com/ziyad/cms-ai/server/internal/assets/local_storage.go:25.2,26.20 2 1
github.com/ziyad/cms-ai/server/internal/assets/local_storage.go:26.20,28.72 1 1
github.com/ziyad/cms-ai/server/internal/assets/local_storage.go:28.72,30.4 1 0
github.com/ziyad/cms-ai/server/internal/assets/local_storage.go:30.9,32.4 1 1
github.com/ziyad/cms-ai/server/internal/assets/local_storage.go:36.2,36.52 1 1
github.com/ziyad/cms-ai/server/internal/assets/local_storage.go:36.52,38.3 1 0
github.com/ziyad/cms-ai/server/internal/assets/local_storage.go:41.2,42.16 2 1
github.com/ziyad/cms-ai/server/internal/assets/local_storage.go:42.16,44.3 1 0
github.com/ziyad/cms-ai/server/internal/assets/local_storage.go:46.2,47.19 2 1
github.com/ziyad/cms-ai/server/internal/assets/local_storage.go:47.19,50.3 1 1
github.com/ziyad/cms-ai/server/internal/assets/local_storage.go:52.2,55.8 1 1
github.com/ziyad/cms-ai/server/internal/assets/local_storage.go:59.61,61.2 1 1
github.com/ziyad/cms-ai/server/internal/assets/local_storage.go:64.128,66.2 1 1
github.com/ziyad/cms-ai/server/internal/assets/local_storage.go:69.139,74.47 3 1
github.com/ziyad/cms-ai/server/internal/assets/local_storage.go:74.47,76.3 1 0
github.com/ziyad/cms-ai/server/internal/assets/local_storage.go:79.2,80.16 2 1
github.com/ziyad/cms-ai/server/internal/assets/local_storage.go:80.16,82.3 1 0
github.com/ziyad/cms-ai/server/internal/assets/local_storage.go:83.2,87.16 3 1
github.com/ziyad/cms-ai/server/internal/assets/local_storage.go:87.16,91.3 2 0
github.com/ziyad/cms-ai/server/internal/assets/local_storage.go:94.2,95.16 2 1
github.com/ziyad/cms-ai/server/internal/assets/local_storage.go:95.16,97.3 1 0
github.com/ziyad/cms-ai/server/internal/assets/local_storage.go:99.2,108.22 2 1
github.com/ziyad/cms-ai/server/internal/assets/local_storage.go:112.112,115.2 1 1
github.com/ziyad/cms-ai/server/internal/assets/local_storage.go:118.88,122.16 3 1
github.com/ziyad/cms-ai/server/internal/assets/local_storage.go:122.16,123.25 1 0
github.com/ziyad/cms-ai/server/internal/assets/local_storage.go:123.25,125.4 1 0
github.com/ziyad/cms-ai/server/internal/assets/local_storage.go:126.3,126.57 1 0
github.com/ziyad/cms-ai/server/internal/assets/local_storage.go:129.2,129.18 1 1
github.com/ziyad/cms-ai/server/internal/assets/local_storage.go:133.101,137.16 3 0
github.com/ziyad/cms-ai/server/internal/assets/local_storage.go:137.16,138.25 1 0
github.com/ziyad/cms-ai/server/internal/assets/local_storage.go:138.25,140.4 1 0
github.com/ziyad/cms-ai/server/internal/assets/local_storage.go:141.3,141.57 1 0
github.com/ziyad/cms-ai/server/internal/assets/local_storage.go:144.2,144.18 1 0
github.com/ziyad/cms-ai/server/internal/assets/local_storage.go:148.76,152.16 3 0
github.com/ziyad/cms-ai/server/internal/assets/local_storage.go:152.16,153.25 1 0
github.com/ziyad/cms-ai/server/internal/assets/local_storage.go:153.25,155.4 1 0
github.com/ziyad/cms-ai/server/internal/assets/local_storage.go:156.3,156.54 1 0
github.com/ziyad/cms-ai/server/internal/assets/local_storage.go:159.2,159.12 1 0
github.com/ziyad/cms-ai/server/internal/assets/local_storage.go:163.84,167.16 3 0
github.com/ziyad/cms-ai/server/internal/assets/local_storage.go:167.16,168.25 1 0
github.com/ziyad/cms-ai/server/internal/assets/local_storage.go:168.25,170.4 1 0
github.com/ziyad/cms-ai/server/internal/assets/local_storage.go:171.3,171.70 1 0
github.com/ziyad/cms-ai/server/internal/assets/local_storage.go:174.2,174.18 1 0
github.com/ziyad/cms-ai/server/internal/assets/local_storage.go:178.105,183.88 3 0
github.com/ziyad/cms-ai/server/internal/assets/local_storage.go:183.88,184.17 1 0
github.com/ziyad/cms-ai/server/internal/assets/local_storage.go:184.17,186.4 1 0
github.com/ziyad/cms-ai/server/internal/assets/local_storage.go:189.3,189.41 1 0
github.com/ziyad/cms-ai/server/internal/assets/local_storage.go:189.41,191.4 1 0
github.com/ziyad/cms-ai/server/internal/assets/local_storage.go:194.3,194.39 1 0
github.com/ziyad/cms-ai/server/internal/assets/local_storage.go:194.39,197.18 2 0
github.com/ziyad/cms-ai/server/internal/assets/local_storage.go:197.18,199.5 1 0
github.com/ziyad/cms-ai/server/internal/assets/local_storage.go:202.4,211.39 3 0
github.com/ziyad/cms-ai/server/internal/assets/local_storage.go:214.3,214.13 1 0
github.com/ziyad/cms-ai/server/internal/assets/local_storage.go:217.2,217.16 1 0
github.com/ziyad/cms-ai/server/internal/assets/local_storage.go:217.16,219.3 1 0
github.com/ziyad/cms-ai/server/internal/assets/local_storage.go:221.2,221.21 1 0
github.com/ziyad/cms-ai/server/internal/assets/local_storage.go:225.100,229.16 3 0
github.com/ziyad/cms-ai/server/internal/assets/local_storage.go:229.16,230.25 1 0
github.com/ziyad/cms-ai/server/internal/assets/local_storage.go:230.25,232.4 1 0
github.com/ziyad/cms-ai/server/internal/assets/local_storage.go:233.3,233.61 1 0
github.com/ziyad/cms-ai/server/internal/assets/local_storage.go:236.2,244.22 2 0
github.com/ziyad/cms-ai/server/internal/assets/renderer.go:31.93,33.18 2 0
github.com/ziyad/cms-ai/server/internal/assets/renderer.go:33.18,35.3 1 0
github.com/ziyad/cms-ai/server/internal/assets/renderer.go:36.2,37.18 2 0
github.com/ziyad/cms-ai/server/internal/assets/renderer.go:37.18,39.3 1 0
github.com/ziyad/cms-ai/server/internal/assets/renderer.go:41.2,42.51 2 0
github.com/ziyad/cms-ai/server/internal/assets/renderer.go:42.51,44.3 1 0
github.com/ziyad/cms-ai/server/internal/assets/renderer.go:46.2,47.16 2 0
github.com/ziyad/cms-ai/server/internal/assets/renderer.go:47.16,49.3 1 0
github.com/ziyad/cms-ai/server/internal/assets/renderer.go:50.2,54.16 4 0
github.com/ziyad/cms-ai/server/internal/assets/renderer.go:54.16,56.3 1 0
github.com/ziyad/cms-ai/server/internal/assets/renderer.go:57.2,57.44 1 0
github.com/ziyad/cms-ai/server/internal/assets/renderer.go:57.44,59.3 1 0
github.com/ziyad/cms-ai/server/internal/assets/renderer.go:60.2,60.40 1 0
github.com/ziyad/cms-ai/server/internal/assets/renderer.go:60.40,62.3 1 0
github.com/ziyad/cms-ai/server/internal/assets/renderer.go:64.2,67.16 4 0
github.com/ziyad/cms-ai/server/internal/assets/renderer.go:67.16,69.3 1 0
github.com/ziyad/cms-ai/server/internal/assets/renderer.go:70.2,70.12 1 0
github.com/ziyad/cms-ai/server/internal/assets/renderer.go:73.92,75.16 2 0
github.com/ziyad/cms-ai/server/internal/assets/renderer.go:75.16,77.3 1 0
github.com/ziyad/cms-ai/server/internal/assets/renderer.go:78.2,81.64 3 0
github.com/ziyad/cms-ai/server/internal/assets/renderer.go:81.64,83.3 1 0
github.com/ziyad/cms-ai/server/internal/assets/renderer.go:85.2,85.36 1 0
github.com/ziyad/cms-ai/server/internal/assets/renderer.go:90.102,92.16 2 1
github.com/ziyad/cms-ai/server/internal/assets/renderer.go:92.16,94.3 1 0
github.com/ziyad/cms-ai/server/internal/assets/renderer.go:96.2,102.65 2 1
github.com/ziyad/cms-ai/server/internal/assets/renderer.go:102.65,104.3 1 0
github.com/ziyad/cms-ai/server/internal/assets/renderer.go:106.2,106.36 1 1
github.com/ziyad/cms-ai/server/internal/assets/renderer.go:106.36,108.3 1 0
github.com/ziyad/cms-ai/server/internal/assets/renderer.go:110.2,113.38 2 1
github.com/ziyad/cms-ai/server/internal/assets/renderer.go:113.38,117.28 2 1
github.com/ziyad/cms-ai/server/internal/assets/renderer.go:117.28,118.29 1 1
github.com/ziyad/cms-ai/server/internal/assets/renderer.go:118.29,120.5 1 1
github.com/ziyad/cms-ai/server/internal/assets/renderer.go:124.3,125.30 2 1
github.com/ziyad/cms-ai/server/internal/assets/renderer.go:125.30,126.31 1 1
github.com/ziyad/cms-ai/server/internal/assets/renderer.go:126.31,127.49 1 1
github.com/ziyad/cms-ai/server/internal/assets/renderer.go:127.49,129.6 1 1
github.com/ziyad/cms-ai/server/internal/assets/renderer.go:133.3,134.47 2 1
github.com/ziyad/cms-ai/server/internal/assets/renderer.go:134.47,136.4 1 0
github.com/ziyad/cms-ai/server/internal/assets/renderer.go:138.3,138.47 1 1
github.com/ziyad/cms-ai/server/internal/assets/renderer.go:141.2,141.24 1 1
github.com/ziyad/cms-ai/server/internal/assets/renderer.go:146.89,148.16 2 1
github.com/ziyad/cms-ai/server/internal/assets/renderer.go:148.16,150.3 1 0
github.com/ziyad/cms-ai/server/internal/assets/renderer.go:152.2,152.66 1 1
github.com/ziyad/cms-ai/server/internal/assets/renderer.go:152.66,154.3 1 0
github.com/ziyad/cms-ai/server/internal/assets/renderer.go:156.2,156.43 1 1
github.com/ziyad/cms-ai/server/internal/assets/renderer.go:159.88,162.16 2 1
github.com/ziyad/cms-ai/server/internal/assets/renderer.go:162.16,164.3 1 1
github.com/ziyad/cms-ai/server/internal/assets/renderer.go:166.2,191.65 2 1
github.com/ziyad/cms-ai/server/internal/assets/renderer.go:191.65,193.3 1 0
github.com/ziyad/cms-ai/server/internal/assets/renderer.go:195.2,195.36 1 1
github.com/ziyad/cms-ai/server/internal/assets/renderer.go:195.36,197.3 1 1
github.com/ziyad/cms-ai/server/internal/assets/renderer.go:200.2,207.41 4 1
github.com/ziyad/cms-ai/server/internal/assets/renderer.go:207.41,208.24 1 1
github.com/ziyad/cms-ai/server/internal/assets/renderer.go:208.24,225.21 9 1
github.com/ziyad/cms-ai/server/internal/assets/renderer.go:225.21,227.5 1 1
github.com/ziyad/cms-ai/server/internal/assets/renderer.go:229.4,229.24 1 1
github.com/ziyad/cms-ai/server/internal/assets/renderer.go:234.2,235.16 2 1
github.com/ziyad/cms-ai/server/internal/assets/renderer.go:235.16,237.3 1 0
github.com/ziyad/cms-ai/server/internal/assets/renderer.go:238.2,241.48 3 1
github.com/ziyad/cms-ai/server/internal/assets/renderer.go:241.48,244.3 2 0
github.com/ziyad/cms-ai/server/internal/assets/renderer.go:247.2,248.16 2 1
github.com/ziyad/cms-ai/server/internal/assets/renderer.go:248.16,251.3 2 0
github.com/ziyad/cms-ai/server/internal/assets/renderer.go:254.2,256.18 2 1
github.com/ziyad/cms-ai/server/internal/assets/renderer.go:260.98,263.16 2 1
github.com/ziyad/cms-ai/server/internal/assets/renderer.go:263.16,265.3 1 0
github.com/ziyad/cms-ai/server/internal/assets/renderer.go:267.2,284.65 2 1
github.com/ziyad/cms-ai/server/internal/assets/renderer.go:284.65,286.3 1 0
github.com/ziyad/cms-ai/server/internal/assets/renderer.go:288.2,288.36 1 1
github.com/ziyad/cms-ai/server/internal/assets/renderer.go:288.36,290.3 1 1
github.com/ziyad/cms-ai/server/internal/assets/renderer.go:292.2,295.46 2 1
github.com/ziyad/cms-ai/server/internal/assets/renderer.go:295.46,300.28 2 1
github.com/ziyad/cms-ai/server/internal/assets/renderer.go:300.28,301.29 1 1
github.com/ziyad/cms-ai/server/internal/assets/renderer.go:301.29,303.5 1 1
github.com/ziyad/cms-ai/server/internal/assets/renderer.go:307.3,307.28 1 1
github.com/ziyad/cms-ai/server/internal/assets/renderer.go:307.28,310.4 2 1
github.com/ziyad/cms-ai/server/internal/assets/renderer.go:311.3,311.28 1 1
github.com/ziyad/cms-ai/server/internal/assets/renderer.go:311.28,314.4 2 1
github.com/ziyad/cms-ai/server/internal/assets/renderer.go:317.3,319.30 3 1
github.com/ziyad/cms-ai/server/internal/assets/renderer.go:319.30,320.31 1 1
github.com/ziyad/cms-ai/server/internal/assets/renderer.go:320.31,321.49 1 1
github.com/ziyad/cms-ai/server/internal/assets/renderer.go:321.49,323.6 1 1
github.com/ziyad/cms-ai/server/internal/assets/renderer.go:328.3,328.42 1 1
github.com/ziyad/cms-ai/server/internal/assets/renderer.go:328.42,329.25 1 1
github.com/ziyad/cms-ai/server/internal/assets/renderer.go:329.25,337.16 5 1
github.com/ziyad/cms-ai/server/internal/assets/renderer.go:337.16,339.6 1 0
github.com/ziyad/cms-ai/server/internal/assets/renderer.go:340.5,340.16 1 1
github.com/ziyad/cms-ai/server/internal/assets/renderer.go:340.16,342.6 1 0
github.com/ziyad/cms-ai/server/internal/assets/renderer.go:343.5,343.22 1 1
github.com/ziyad/cms-ai/server/internal/assets/renderer.go:343.22,345.6 1 0
github.com/ziyad/cms-ai/server/internal/assets/renderer.go:346.5,346.22 1 1
github.com/ziyad/cms-ai/server/internal/assets/renderer.go:346.22,348.6 1 0
github.com/ziyad/cms-ai/server/internal/assets/renderer.go:351.5,351.33 1 1
github.com/ziyad/cms-ai/server/internal/assets/renderer.go:351.33,352.34 1 1
github.com/ziyad/cms-ai/server/internal/assets/renderer.go:352.34,353.39 1 1
github.com/ziyad/cms-ai/server/internal/assets/renderer.go:353.39,355.8 1 1
github.com/ziyad/cms-ai/server/internal/assets/renderer.go:362.3,363.47 2 1
github.com/ziyad/cms-ai/server/internal/assets/renderer.go:363.47,365.4 1 0
github.com/ziyad/cms-ai/server/internal/assets/renderer.go:367.3,367.47 1 1
github.com/ziyad/cms-ai/server/internal/assets/renderer.go:370.2,370.24 1 1
github.com/ziyad/cms-ai/server/internal/assets/s3_storage.go:27.82,28.25 1 0
github.com/ziyad/cms-ai/server/internal/assets/s3_storage.go:28.25,30.3 1 0
github.com/ziyad/cms-ai/server/internal/assets/s3_storage.go:32.2,32.25 1 0
github.com/ziyad/cms-ai/server/internal/assets/s3_storage.go:32.25,34.3 1 0
github.com/ziyad/cms-ai/server/internal/assets/s3_storage.go:37.2,40.16 2 0
github.com/ziyad/cms-ai/server/internal/assets/s3_storage.go:40.16,42.3 1 0
github.com/ziyad/cms-ai/server/internal/assets/s3_storage.go:45.2,45.56 1 0
github.com/ziyad/cms-ai/server/internal/assets/s3_storage.go:45.56,51.3 1 0
github.com/ziyad/cms-ai/server/internal/assets/s3_storage.go:54.2,54.54 1 0
github.com/ziyad/cms-ai/server/internal/assets/s3_storage.go:54.54,55.28 1 0
github.com/ziyad/cms-ai/server/internal/assets/s3_storage.go:55.28,57.4 1 0
github.com/ziyad/cms-ai/server/internal/assets/s3_storage.go:61.2,61.86 1 0
github.com/ziyad/cms-ai/server/internal/assets/s3_storage.go:61.86,63.3 1 0
github.com/ziyad/cms-ai/server/internal/assets/s3_storage.go:65.2,66.19 2 0
github.com/ziyad/cms-ai/server/internal/assets/s3_storage.go:66.19,69.3 1 0
github.com/ziyad/cms-ai/server/internal/assets/s3_storage.go:71.2,76.8 1 0
github.com/ziyad/cms-ai/server/internal/assets/s3_storage.go:80.119,82.2 1 0
github.com/ziyad/cms-ai/server/internal/assets/s3_storage.go:85.130,92.16 2 0
github.com/ziyad/cms-ai/server/internal/assets/s3_storage.go:92.16,94.3 1 0
github.com/ziyad/cms-ai/server/internal/assets/s3_storage.go:97.2,97.32 1 0
github.com/ziyad/cms-ai/server/internal/assets/s3_storage.go:101.103,107.35 2 0
github.com/ziyad/cms-ai/server/internal/assets/s3_storage.go:107.35,109.3 1 0
github.com/ziyad/cms-ai/server/internal/assets/s3_storage.go:110.2,110.16 1 0
github.com/ziyad/cms-ai/server/internal/assets/s3_storage.go:110.16,112.3 1 0
github.com/ziyad/cms-ai/server/internal/assets/s3_storage.go:114.2,114.21 1 0
github.com/ziyad/cms-ai/server/internal/assets/s3_storage.go:118.79,123.16 2 0
github.com/ziyad/cms-ai/server/internal/assets/s3_storage.go:123.16,125.3 1 0
github.com/ziyad/cms-ai/server/internal/assets/s3_storage.go:126.2,129.16 3 0
github.com/ziyad/cms-ai/server/internal/assets/s3_storage.go:129.16,131.3 1 0
github.com/ziyad/cms-ai/server/internal/assets/s3_storage.go:133.2,133.18 1 0
github.com/ziyad/cms-ai/server/internal/assets/s3_storage.go:137.92,142.16 2 0
github.com/ziyad/cms-ai/server/internal/assets/s3_storage.go:142.16,144.3 1 0
github.com/ziyad/cms-ai/server/internal/assets/s3_storage.go:146.2,146.25 1 0
github.com/ziyad/cms-ai/server/internal/assets/s3_storage.go:150.67,155.16 2 0
github.com/ziyad/cms-ai/server/internal/assets/s3_storage.go:155.16,157.3 1 0
github.com/ziyad/cms-ai/server/internal/assets/s3_storage.go:159.2,159.12 1 0
github.com/ziyad/cms-ai/server/internal/assets/s3_storage.go:163.75,168.16 2 0
github.com/ziyad/cms-ai/server/internal/assets/s3_storage.go:168.16,170.33 2 0
github.com/ziyad/cms-ai/server/internal/assets/s3_storage.go:170.33,172.4 1 0
github.com/ziyad/cms-ai/server/internal/assets/s3_storage.go:173.3,173.72 1 0
github.com/ziyad/cms-ai/server/internal/assets/s3_storage.go:176.2,176.18 1 0
github.com/ziyad/cms-ai/server/internal/assets/s3_storage.go:180.96,185.16 2 0
github.com/ziyad/cms-ai/server/internal/assets/s3_storage.go:185.16,187.3 1 0
github.com/ziyad/cms-ai/server/internal/assets/s3_storage.go:189.2,190.38 2 0
github.com/ziyad/cms-ai/server/internal/assets/s3_storage.go:190.38,198.3 2 0
github.com/ziyad/cms-ai/server/internal/assets/s3_storage.go:200.2,200.21 1 0
github.com/ziyad/cms-ai/server/internal/assets/s3_storage.go:204.91,209.16 2 0
github.com/ziyad/cms-ai/server/internal/assets/s3_storage.go:209.16,211.3 1 0
github.com/ziyad/cms-ai/server/internal/assets/s3_storage.go:213.2,221.22 2 0
github.com/ziyad/cms-ai/server/internal/assets/s3_storage.go:225.94,230.16 2 0
github.com/ziyad/cms-ai/server/internal/assets/s3_storage.go:230.16,232.3 1 0
github.com/ziyad/cms-ai/server/internal/assets/s3_storage.go:235.2,236.27 2 0
github.com/ziyad/cms-ai/server/internal/assets/s3_storage.go:236.27,241.3 1 0
github.com/ziyad/cms-ai/server/internal/assets/s3_storage.go:241.8,248.3 1 0
github.com/ziyad/cms-ai/server/internal/assets/s3_storage.go:250.2,251.16 2 0
github.com/ziyad/cms-ai/server/internal/assets/s3_storage.go:251.16,255.87 3 0
github.com/ziyad/cms-ai/server/internal/assets/s3_storage.go:255.87,257.4 1 0
github.com/ziyad/cms-ai/server/internal/assets/s3_storage.go:258.3,258.56 1 0
github.com/ziyad/cms-ai/server/internal/assets/s3_storage.go:261.2,261.12 1 0
github.com/ziyad/cms-ai/server/internal/assets/storage.go:18.85,20.2 1 0
github.com/ziyad/cms-ai/server/internal/assets/storage.go:22.68,24.2 1 0
github.com/ziyad/cms-ai/server/internal/assets/storage.go:26.49,28.2 1 0
github.com/ziyad/cms-ai/server/internal/assets/storage_factory.go:14.42,16.2 1 1
github.com/ziyad/cms-ai/server/internal/assets/storage_factory.go:19.84,21.23 2 1
github.com/ziyad/cms-ai/server/internal/assets/storage_factory.go:21.23,23.3 1 1
github.com/ziyad/cms-ai/server/internal/assets/storage_factory.go:25.2,38.64 2 1
github.com/ziyad/cms-ai/server/internal/assets/storage_factory.go:38.64,40.3 1 0
github.com/ziyad/cms-ai/server/internal/assets/storage_factory.go:42.2,42.21 1 1
github.com/ziyad/cms-ai/server/internal/assets/storage_factory.go:43.12,44.35 1 0
github.com/ziyad/cms-ai/server/internal/assets/storage_factory.go:45.13,46.36 1 0
github.com/ziyad/cms-ai/server/internal/assets/storage_factory.go:47.15,48.33 1 1
github.com/ziyad/cms-ai/server/internal/assets/storage_factory.go:49.10,50.70 1 0
github.com/ziyad/cms-ai/server/internal/assets/storage_factory.go:55.116,56.21 1 1
github.com/ziyad/cms-ai/server/internal/assets/storage_factory.go:57.12,58.35 1 0
github.com/ziyad/cms-ai/server/internal/assets/storage_factory.go:59.13,60.36 1 0
github.com/ziyad/cms-ai/server/internal/assets/storage_factory.go:61.15,62.33 1 1
github.com/ziyad/cms-ai/server/internal/assets/storage_factory.go:63.10,64.70 1 1
github.com/ziyad/cms-ai/server/internal/queue/policy.go:42.49,43.61 1 1
github.com/ziyad/cms-ai/server/internal/queue/policy.go:43.61,45.3 1 1
github.com/ziyad/cms-ai/server/internal/queue/policy.go:46.2,46.39 1 1
github.com/ziyad/cms-ai/server/internal/queue/policy.go:49.41,50.16 1 1
github.com/ziyad/cms-ai/server/internal/queue/policy.go:50.16,52.3 1 1
github.com/ziyad/cms-ai/server/internal/queue/policy.go:54.2,66.44 3 1
github.com/ziyad/cms-ai/server/internal/queue/policy.go:66.44,67.32 1 1
github.com/ziyad/cms-ai/server/internal/queue/policy.go:67.32,69.4 1 1
github.com/ziyad/cms-ai/server/internal/queue/policy.go:72.2,82.44 2 1
github.com/ziyad/cms-ai/server/internal/queue/policy.go:82.44,83.32 1 1
github.com/ziyad/cms-ai/server/internal/queue/policy.go:83.32,85.4 1 1
github.com/ziyad/cms-ai/server/internal/queue/policy.go:88.2,88.27 1 1
github.com/ziyad/cms-ai/server/internal/queue/policy.go:91.38,95.2 1 1
github.com/ziyad/cms-ai/server/internal/queue/policy.go:97.43,98.43 1 1
github.com/ziyad/cms-ai/server/internal/queue/policy.go:98.43,99.35 1 1
github.com/ziyad/cms-ai/server/internal/queue/policy.go:99.35,101.4 1 0
github.com/ziyad/cms-ai/server/internal/queue/policy.go:103.2,103.14 1 1
github.com/ziyad/cms-ai/server/internal/queue/policy.go:106.80,107.21 1 1
github.com/ziyad/cms-ai/server/internal/queue/policy.go:107.21,109.3 1 1
github.com/ziyad/cms-ai/server/internal/queue/policy.go:111.2,114.38 2 1
github.com/ziyad/cms-ai/server/internal/queue/policy.go:114.38,116.3 1 1
github.com/ziyad/cms-ai/server/internal/queue/policy.go:118.2,118.29 1 1
github.com/ziyad/cms-ai/server/internal/queue/policy.go:121.37,122.14 1 1
github.com/ziyad/cms-ai/server/internal/queue/policy.go:122.14,124.3 1 1
github.com/ziyad/cms-ai/server/internal/queue/policy.go:125.2,126.32 2 1
github.com/ziyad/cms-ai/server/internal/queue/policy.go:126.32,128.3 1 1
github.com/ziyad/cms-ai/server/internal/queue/policy.go:129.2,129.15 1 1
github.com/ziyad/cms-ai/server/internal/spec/validate.go:11.73,14.24 2 1
github.com/ziyad/cms-ai/server/internal/spec/validate.go:14.24,16.3 1 0
github.com/ziyad/cms-ai/server/internal/spec/validate.go:18.2,18.28 1 1
github.com/ziyad/cms-ai/server/internal/spec/validate.go:18.28,21.3 2 0
github.com/ziyad/cms-ai/server/internal/spec/validate.go:23.2,24.21 2 1
github.com/ziyad/cms-ai/server/internal/spec/validate.go:24.21,26.3 1 0
github.com/ziyad/cms-ai/server/internal/spec/validate.go:27.2,27.41 1 1
github.com/ziyad/cms-ai/server/internal/spec/validate.go:27.41,30.3 2 0
github.com/ziyad/cms-ai/server/internal/spec/validate.go:32.2,32.48 1 1
github.com/ziyad/cms-ai/server/internal/spec/validate.go:32.48,35.24 2 1
github.com/ziyad/cms-ai/server/internal/spec/validate.go:35.24,37.4 1 0
github.com/ziyad/cms-ai/server/internal/spec/validate.go:39.3,39.36 1 1
github.com/ziyad/cms-ai/server/internal/spec/validate.go:39.36,41.12 2 0
github.com/ziyad/cms-ai/server/internal/spec/validate.go:44.3,45.66 2 1
github.com/ziyad/cms-ai/server/internal/spec/validate.go:45.66,47.28 2 1
github.com/ziyad/cms-ai/server/internal/spec/validate.go:47.28,49.5 1 0
github.com/ziyad/cms-ai/server/internal/spec/validate.go:51.4,52.24 2 1
github.com/ziyad/cms-ai/server/internal/spec/validate.go:52.24,54.13 2 0
github.com/ziyad/cms-ai/server/internal/spec/validate.go:57.4,57.40 1 1
github.com/ziyad/cms-ai/server/internal/spec/validate.go:57.40,59.5 1 0
github.com/ziyad/cms-ai/server/internal/spec/validate.go:60.4,60.52 1 1
github.com/ziyad/cms-ai/server/internal/spec/validate.go:60.52,62.5 1 0
github.com/ziyad/cms-ai/server/internal/spec/validate.go:64.4,64.75 1 1
github.com/ziyad/cms-ai/server/internal/spec/validate.go:67.3,67.35 1 1
github.com/ziyad/cms-ai/server/internal/spec/validate.go:67.35,68.40 1 1
github.com/ziyad/cms-ai/server/internal/spec/validate.go:68.40,69.41 1 1
github.com/ziyad/cms-ai/server/internal/spec/validate.go:69.41,71.6 1 1
github.com/ziyad/cms-ai/server/internal/spec/validate.go:76.2,76.15 1 1
github.com/ziyad/cms-ai/server/internal/spec/validate.go:84.40,86.38 1 1
github.com/ziyad/cms-ai/server/internal/spec/validate.go:86.38,88.3 1 0
github.com/ziyad/cms-ai/server/internal/spec/validate.go:89.2,89.38 1 1
github.com/ziyad/cms-ai/server/internal/spec/validate.go:89.38,91.3 1 1
github.com/ziyad/cms-ai/server/internal/spec/validate.go:92.2,92.13 1 1
github.com/ziyad/cms-ai/server/cmd/server/main.go:15.13,19.16 3 0
github.com/ziyad/cms-ai/server/cmd/server/main.go:19.16,21.3 1 0
github.com/ziyad/cms-ai/server/cmd/server/main.go:21.8,21.23 1 0
github.com/ziyad/cms-ai/server/cmd/server/main.go:21.23,23.3 1 0
github.com/ziyad/cms-ai/server/cmd/server/main.go:25.2,38.12 5 0
github.com/ziyad/cms-ai/server/cmd/server/main.go:38.12,40.81 2 0
github.com/ziyad/cms-ai/server/cmd/server/main.go:40.81,42.4 1 0
github.com/ziyad/cms-ai/server/cmd/server/main.go:45.2,51.46 6 0
github.com/ziyad/cms-ai/server/cmd/server/main.go:51.46,53.3 1 0
github.com/ziyad/cms-ai/server/cmd/server/main.go:56.46,58.13 2 0
github.com/ziyad/cms-ai/server/cmd/server/main.go:58.13,60.3 1 0
github.com/ziyad/cms-ai/server/cmd/server/main.go:61.2,61.10 1 0
github.com/ziyad/cms-ai/server/internal/store/postgres/postgres.go:21.46,23.16 2 0
github.com/ziyad/cms-ai/server/internal/store/postgres/postgres.go:23.16,25.3 1 0
github.com/ziyad/cms-ai/server/internal/store/postgres/postgres.go:26.2,26.34 1 0
github.com/ziyad/cms-ai/server/internal/store/postgres/postgres.go:26.34,28.3 1 0
github.com/ziyad/cms-ai/server/internal/store/postgres/postgres.go:30.2,33.46 2 0
github.com/ziyad/cms-ai/server/internal/store/postgres/postgres.go:33.46,35.3 1 0
github.com/ziyad/cms-ai/server/internal/store/postgres/postgres.go:37.2,37.19 1 0
github.com/ziyad/cms-ai/server/internal/store/postgres/postgres.go:40.39,42.2 1 0
github.com/ziyad/cms-ai/server/internal/store/postgres/postgres.go:45.47,49.16 3 0
github.com/ziyad/cms-ai/server/internal/store/postgres/postgres.go:49.16,51.3 1 0
github.com/ziyad/cms-ai/server/internal/store/postgres/postgres.go:53.2,53.12 1 0
github.com/ziyad/cms-ai/server/internal/store/postgres/postgres.go:53.12,56.3 1 0
github.com/ziyad/cms-ai/server/internal/store/postgres/postgres.go:59.2,175.16 3 0
github.com/ziyad/cms-ai/server/internal/store/postgres/postgres.go:175.16,177.3 1 0
github.com/ziyad/cms-ai/server/internal/store/postgres/postgres.go:179.2,179.12 1 0
github.com/ziyad/cms-ai/server/internal/store/postgres/postgres.go:182.57,182.95 1 0
github.com/ziyad/cms-ai/server/internal/store/postgres/postgres.go:183.57,183.95 1 0
github.com/ziyad/cms-ai/server/internal/store/postgres/postgres.go:184.57,184.92 1 0
github.com/ziyad/cms-ai/server/internal/store/postgres/postgres.go:185.57,185.90 1 0
github.com/ziyad/cms-ai/server/internal/store/postgres/postgres.go:186.57,186.95 1 0
github.com/ziyad/cms-ai/server/internal/store/postgres/postgres.go:187.57,187.92 1 0
github.com/ziyad/cms-ai/server/internal/store/postgres/postgres.go:188.57,188.91 1 0
github.com/ziyad/cms-ai/server/internal/store/postgres/postgres.go:189.65,191.2 1 0
github.com/ziyad/cms-ai/server/internal/store/postgres/postgres.go:196.111,206.16 4 0
github.com/ziyad/cms-ai/server/internal/store/postgres/postgres.go:206.16,208.3 1 0
github.com/ziyad/cms-ai/server/internal/store/postgres/postgres.go:209.2,209.15 1 0
github.com/ziyad/cms-ai/server/internal/store/postgres/postgres.go:212.108,216.16 4 0
github.com/ziyad/cms-ai/server/internal/store/postgres/postgres.go:216.16,218.3 1 0
github.com/ziyad/cms-ai/server/internal/store/postgres/postgres.go:219.2,222.18 3 0
github.com/ziyad/cms-ai/server/internal/store/postgres/postgres.go:222.18,225.17 3 0
github.com/ziyad/cms-ai/server/internal/store/postgres/postgres.go:225.17,227.4 1 0
github.com/ziyad/cms-ai/server/internal/store/postgres/postgres.go:228.3,228.21 1 0
github.com/ziyad/cms-ai/server/internal/store/postgres/postgres.go:230.2,230.16 1 0
github.com/ziyad/cms-ai/server/internal/store/postgres/postgres.go:233.114,238.16 5 0
github.com/ziyad/cms-ai/server/internal/store/postgres/postgres.go:238.16,239.27 1 0
github.com/ziyad/cms-ai/server/internal/store/postgres/postgres.go:239.27,241.4 1 0
github.com/ziyad/cms-ai/server/internal/store/postgres/postgres.go:242.3,242.38 1 0
github.com/ziyad/cms-ai/server/internal/store/postgres/postgres.go:244.2,244.21 1 0
github.com/ziyad/cms-ai/server/internal/store/postgres/postgres.go:247.111,252.16 5 0
github.com/ziyad/cms-ai/server/internal/store/postgres/postgres.go:252.16,254.3 1 0
github.com/ziyad/cms-ai/server/internal/store/postgres/postgres.go:255.2,255.15 1 0
github.com/ziyad/cms-ai/server/internal/store/postgres/postgres.go:258.124,264.16 4 0
github.com/ziyad/cms-ai/server/internal/store/postgres/postgres.go:264.16,266.3 1 0
github.com/ziyad/cms-ai/server/internal/store/postgres/postgres.go:267.2,267.15 1 0
github.com/ziyad/cms-ai/server/internal/store/postgres/postgres.go:270.126,274.16 4 0
github.com/ziyad/cms-ai/server/internal/store/postgres/postgres.go:274.16,276.3 1 0
github.com/ziyad/cms-ai/server/internal/store/postgres/postgres.go:277.2,280.18 3 0
github.com/ziyad/cms-ai/server/internal/store/postgres/postgres.go:280.18,283.17 3 0
github.com/ziyad/cms-ai/server/internal/store/postgres/postgres.go:283.17,285.4 1 0
github.com/ziyad/cms-ai/server/internal/store/postgres/postgres.go:286.3,286.21 1 0
github.com/ziyad/cms-ai/server/internal/store/postgres/postgres.go:288.2,288.16 1 0
github.com/ziyad/cms-ai/server/internal/store/postgres/postgres.go:291.127,296.16 5 0
github.com/ziyad/cms-ai/server/internal/store/postgres/postgres.go:296.16,297.27 1 0
github.com/ziyad/cms-ai/server/internal/store/postgres/postgres.go:297.27,299.4 1 0
github.com/ziyad/cms-ai/server/internal/store/postgres/postgres.go:300.3,300.45 1 0
github.com/ziyad/cms-ai/server/internal/store/postgres/postgres.go:302.2,302.21 1 0
github.com/ziyad/cms-ai/server/internal/store/postgres/postgres.go:308.103,311.16 3 0
github.com/ziyad/cms-ai/server/internal/store/postgres/postgres.go:311.16,313.3 1 0
github.com/ziyad/cms-ai/server/internal/store/postgres/postgres.go:314.2,316.15 3 0
github.com/ziyad/cms-ai/server/internal/store/postgres/postgres.go:319.99,323.16 4 0
github.com/ziyad/cms-ai/server/internal/store/postgres/postgres.go:323.16,325.3 1 0
github.com/ziyad/cms-ai/server/internal/store/postgres/postgres.go:326.2,329.18 3 0
github.com/ziyad/cms-ai/server/internal/store/postgres/postgres.go:329.18,332.17 3 0
github.com/ziyad/cms-ai/server/internal/store/postgres/postgres.go:332.17,334.4 1 0
github.com/ziyad/cms-ai/server/internal/store/postgres/postgres.go:335.3,335.23 1 0
github.com/ziyad/cms-ai/server/internal/store/postgres/postgres.go:337.2,337.17 1 0
github.com/ziyad/cms-ai/server/internal/store/postgres/postgres.go:342.94,345.16 3 0
github.com/ziyad/cms-ai/server/internal/store/postgres/postgres.go:345.16,347.3 1 0
github.com/ziyad/cms-ai/server/internal/store/postgres/postgres.go:348.2,350.15 3 0
github.com/ziyad/cms-ai/server/internal/store/postgres/postgres.go:353.100,358.16 5 0
github.com/ziyad/cms-ai/server/internal/store/postgres/postgres.go:358.16,359.27 1 0
github.com/ziyad/cms-ai/server/internal/store/postgres/postgres.go:359.27,361.4 1 0
github.com/ziyad/cms-ai/server/internal/store/postgres/postgres.go:362.3,362.35 1 0
github.com/ziyad/cms-ai/server/internal/store/postgres/postgres.go:364.2,364.21 1 0
github.com/ziyad/cms-ai/server/internal/store/postgres/postgres.go:367.107,373.51 3 0
github.com/ziyad/cms-ai/server/internal/store/postgres/postgres.go:373.51,375.3 1 0
github.com/ziyad/cms-ai/server/internal/store/postgres/postgres.go:377.2,378.60 2 0
github.com/ziyad/cms-ai/server/internal/store/postgres/postgres.go:378.60,380.3 1 0
github.com/ziyad/cms-ai/server/internal/store/postgres/postgres.go:382.2,382.22 1 0
github.com/ziyad/cms-ai/server/internal/store/postgres/postgres.go:387.89,390.16 3 0
github.com/ziyad/cms-ai/server/internal/store/postgres/postgres.go:390.16,392.3 1 0
github.com/ziyad/cms-ai/server/internal/store/postgres/postgres.go:393.2,393.23 1 0
github.com/ziyad/cms-ai/server/internal/store/postgres/postgres.go:393.23,395.3 1 0
github.com/ziyad/cms-ai/server/internal/store/postgres/postgres.go:396.2,399.15 4 0
github.com/ziyad/cms-ai/server/internal/store/postgres/postgres.go:402.112,405.29 2 0
github.com/ziyad/cms-ai/server/internal/store/postgres/postgres.go:405.29,414.17 4 0
github.com/ziyad/cms-ai/server/internal/store/postgres/postgres.go:414.17,416.4 1 0
github.com/ziyad/cms-ai/server/internal/store/postgres/postgres.go:417.3,417.27 1 0
github.com/ziyad/cms-ai/server/internal/store/postgres/postgres.go:417.27,419.4 1 0
github.com/ziyad/cms-ai/server/internal/store/postgres/postgres.go:422.2,423.29 2 0
github.com/ziyad/cms-ai/server/internal/store/postgres/postgres.go:426.99,431.16 5 0
github.com/ziyad/cms-ai/server/internal/store/postgres/postgres.go:431.16,432.27 1 0
github.com/ziyad/cms-ai/server/internal/store/postgres/postgres.go:432.27,434.4 1 0
github.com/ziyad/cms-ai/server/internal/store/postgres/postgres.go:435.3,435.33 1 0
github.com/ziyad/cms-ai/server/internal/store/postgres/postgres.go:437.2,437.21 1 0
github.com/ziyad/cms-ai/server/internal/store/postgres/postgres.go:440.118,445.16 5 0
github.com/ziyad/cms-ai/server/internal/store/postgres/postgres.go:445.16,446.27 1 0
github.com/ziyad/cms-ai/server/internal/store/postgres/postgres.go:446.27,448.4 1 0
github.com/ziyad/cms-ai/server/internal/store/postgres/postgres.go:449.3,449.33 1 0
github.com/ziyad/cms-ai/server/internal/store/postgres/postgres.go:451.2,451.21 1 0
github.com/ziyad/cms-ai/server/internal/store/postgres/postgres.go:454.88,460.2 5 0
github.com/ziyad/cms-ai/server/internal/store/postgres/postgres.go:462.81,466.16 4 0
github.com/ziyad/cms-ai/server/internal/store/postgres/postgres.go:466.16,468.3 1 0
github.com/ziyad/cms-ai/server/internal/store/postgres/postgres.go:469.2,472.18 3 0
github.com/ziyad/cms-ai/server/internal/store/postgres/postgres.go:472.18,475.17 3 0
github.com/ziyad/cms-ai/server/internal/store/postgres/postgres.go:475.17,477.4 1 0
github.com/ziyad/cms-ai/server/internal/store/postgres/postgres.go:478.3,478.27 1 0
github.com/ziyad/cms-ai/server/internal/store/postgres/postgres.go:480.2,480.25 1 0
github.com/ziyad/cms-ai/server/internal/store/postgres/postgres.go:483.80,487.16 4 0
github.com/ziyad/cms-ai/server/internal/store/postgres/postgres.go:487.16,489.3 1 0
github.com/ziyad/cms-ai/server/internal/store/postgres/postgres.go:490.2,493.18 3 0
github.com/ziyad/cms-ai/server/internal/store/postgres/postgres.go:493.18,496.17 3 0
github.com/ziyad/cms-ai/server/internal/store/postgres/postgres.go:496.17,498.4 1 0
github.com/ziyad/cms-ai/server/internal/store/postgres/postgres.go:499.3,499.27 1 0
github.com/ziyad/cms-ai/server/internal/store/postgres/postgres.go:501.2,501.25 1 0
github.com/ziyad/cms-ai/server/internal/store/postgres/postgres.go:504.85,508.16 4 0
github.com/ziyad/cms-ai/server/internal/store/postgres/postgres.go:508.16,510.3 1 0
github.com/ziyad/cms-ai/server/internal/store/postgres/postgres.go:511.2,514.18 3 0
github.com/ziyad/cms-ai/server/internal/store/postgres/postgres.go:514.18,517.17 3 0
github.com/ziyad/cms-ai/server/internal/store/postgres/postgres.go:517.17,519.4 1 0
github.com/ziyad/cms-ai/server/internal/store/postgres/postgres.go:520.3,520.27 1 0
github.com/ziyad/cms-ai/server/internal/store/postgres/postgres.go:522.2,522.25 1 0
github.com/ziyad/cms-ai/server/internal/store/postgres/postgres.go:525.86,530.2 4 0
github.com/ziyad/cms-ai/server/internal/store/postgres/postgres.go:532.88,537.2 4 0
github.com/ziyad/cms-ai/server/internal/store/postgres/postgres.go:541.113,544.16 3 0
github.com/ziyad/cms-ai/server/internal/store/postgres/postgres.go:544.16,546.3 1 0
github.com/ziyad/cms-ai/server/internal/store/postgres/postgres.go:547.2,549.15 3 0
github.com/ziyad/cms-ai/server/internal/store/postgres/postgres.go:552.109,558.2 5 0
github.com/ziyad/cms-ai/server/internal/store/postgres/postgres.go:562.100,565.16 3 0
github.com/ziyad/cms-ai/server/internal/store/postgres/postgres.go:565.16,567.3 1 0
github.com/ziyad/cms-ai/server/internal/store/postgres/postgres.go:568.2,570.15 3 0
github.com/ziyad/cms-ai/server/internal/store/postgres/postgres.go:575.82,581.2 4 0
github.com/ziyad/cms-ai/server/internal/store/postgres/postgres.go:583.99,588.26 5 0
github.com/ziyad/cms-ai/server/internal/store/postgres/postgres.go:588.26,590.3 1 0
github.com/ziyad/cms-ai/server/internal/store/postgres/postgres.go:591.2,591.27 1 0
github.com/ziyad/cms-ai/server/internal/store/postgres/postgres.go:594.105,599.26 5 0
github.com/ziyad/cms-ai/server/internal/store/postgres/postgres.go:599.26,601.3 1 0
github.com/ziyad/cms-ai/server/internal/store/postgres/postgres.go:602.2,602.27 1 0
github.com/ziyad/cms-ai/server/internal/store/postgres/postgres.go:605.88,610.2 4 0
github.com/ziyad/cms-ai/server/internal/store/postgres/postgres.go:612.103,616.16 4 0
github.com/ziyad/cms-ai/server/internal/store/postgres/postgres.go:616.16,618.3 1 0
github.com/ziyad/cms-ai/server/internal/store/postgres/postgres.go:619.2,622.18 3 0
github.com/ziyad/cms-ai/server/internal/store/postgres/postgres.go:622.18,624.68 2 0
github.com/ziyad/cms-ai/server/internal/store/postgres/postgres.go:624.68,626.4 1 0
github.com/ziyad/cms-ai/server/internal/store/postgres/postgres.go:627.3,627.30 1 0
github.com/ziyad/cms-ai/server/internal/store/postgres/postgres.go:629.2,629.20 1 0
github.com/ziyad/cms-ai/server/internal/store/postgres/postgres.go:634.106,640.2 4 0
github.com/ziyad/cms-ai/server/internal/store/postgres/postgres.go:642.116,647.26 5 0
github.com/ziyad/cms-ai/server/internal/store/postgres/postgres.go:647.26,649.3 1 0
github.com/ziyad/cms-ai/server/internal/store/postgres/postgres.go:650.2,650.15 1 0
github.com/ziyad/cms-ai/server/internal/store/postgres/postgres.go:654.26,657.16 3 0
github.com/ziyad/cms-ai/server/internal/store/postgres/postgres.go:657.16,659.3 1 0
github.com/ziyad/cms-ai/server/internal/store/postgres/postgres.go:660.2,660.33 1 0
github.com/ziyad/cms-ai/server/internal/store/memory/memory.go:29.25,43.2 1 0
github.com/ziyad/cms-ai/server/internal/store/memory/memory.go:45.63,45.93 1 0
github.com/ziyad/cms-ai/server/internal/store/memory/memory.go:46.63,46.93 1 0
github.com/ziyad/cms-ai/server/internal/store/memory/memory.go:47.63,47.90 1 0
github.com/ziyad/cms-ai/server/internal/store/memory/memory.go:48.63,48.88 1 0
github.com/ziyad/cms-ai/server/internal/store/memory/memory.go:49.63,49.93 1 0
github.com/ziyad/cms-ai/server/internal/store/memory/memory.go:50.63,50.90 1 0
github.com/ziyad/cms-ai/server/internal/store/memory/memory.go:51.63,51.89 1 0
github.com/ziyad/cms-ai/server/internal/store/memory/memory.go:52.63,52.97 1 0
github.com/ziyad/cms-ai/server/internal/store/memory/memory.go:72.101,82.2 8 0
github.com/ziyad/cms-ai/server/internal/store/memory/memory.go:84.98,90.33 5 0
github.com/ziyad/cms-ai/server/internal/store/memory/memory.go:90.33,91.23 1 0
github.com/ziyad/cms-ai/server/internal/store/memory/memory.go:91.23,93.4 1 0
github.com/ziyad/cms-ai/server/internal/store/memory/memory.go:95.2,95.17 1 0
github.com/ziyad/cms-ai/server/internal/store/memory/memory.go:98.104,104.29 5 0
github.com/ziyad/cms-ai/server/internal/store/memory/memory.go:104.29,106.3 1 0
github.com/ziyad/cms-ai/server/internal/store/memory/memory.go:107.2,107.21 1 0
github.com/ziyad/cms-ai/server/internal/store/memory/memory.go:110.101,115.38 4 0
github.com/ziyad/cms-ai/server/internal/store/memory/memory.go:115.38,117.3 1 0
github.com/ziyad/cms-ai/server/internal/store/memory/memory.go:118.2,120.15 3 0
github.com/ziyad/cms-ai/server/internal/store/memory/memory.go:123.114,131.2 6 0
github.com/ziyad/cms-ai/server/internal/store/memory/memory.go:133.116,139.32 5 0
github.com/ziyad/cms-ai/server/internal/store/memory/memory.go:139.32,140.51 1 0
github.com/ziyad/cms-ai/server/internal/store/memory/memory.go:140.51,142.4 1 0
github.com/ziyad/cms-ai/server/internal/store/memory/memory.go:144.2,144.17 1 0
github.com/ziyad/cms-ai/server/internal/store/memory/memory.go:147.117,153.29 5 0
github.com/ziyad/cms-ai/server/internal/store/memory/memory.go:153.29,155.3 1 0
github.com/ziyad/cms-ai/server/internal/store/memory/memory.go:156.2,156.21 1 0
github.com/ziyad/cms-ai/server/internal/store/memory/memory.go:159.93,167.2 6 0
github.com/ziyad/cms-ai/server/internal/store/memory/memory.go:169.89,175.33 5 0
github.com/ziyad/cms-ai/server/internal/store/memory/memory.go:175.33,176.23 1 0
github.com/ziyad/cms-ai/server/internal/store/memory/memory.go:176.23,178.4 1 0
github.com/ziyad/cms-ai/server/internal/store/memory/memory.go:180.2,180.17 1 0
github.com/ziyad/cms-ai/server/internal/store/memory/memory.go:183.84,191.2 6 0
github.com/ziyad/cms-ai/server/internal/store/memory/memory.go:193.90,199.29 5 0
github.com/ziyad/cms-ai/server/internal/store/memory/memory.go:199.29,201.3 1 0
github.com/ziyad/cms-ai/server/internal/store/memory/memory.go:202.2,202.21 1 0
github.com/ziyad/cms-ai/server/internal/store/memory/memory.go:205.99,211.25 4 0
github.com/ziyad/cms-ai/server/internal/store/memory/memory.go:211.25,213.3 1 0
github.com/ziyad/cms-ai/server/internal/store/memory/memory.go:214.2,217.57 2 0
github.com/ziyad/cms-ai/server/internal/store/memory/memory.go:220.79,230.2 8 0
github.com/ziyad/cms-ai/server/internal/store/memory/memory.go:232.102,237.29 4 0
github.com/ziyad/cms-ai/server/internal/store/memory/memory.go:237.29,238.39 1 0
github.com/ziyad/cms-ai/server/internal/store/memory/memory.go:238.39,241.87 1 0
github.com/ziyad/cms-ai/server/internal/store/memory/memory.go:241.87,243.5 1 0
github.com/ziyad/cms-ai/server/internal/store/memory/memory.go:247.2,251.22 5 0
github.com/ziyad/cms-ai/server/internal/store/memory/memory.go:254.89,260.29 5 0
github.com/ziyad/cms-ai/server/internal/store/memory/memory.go:260.29,262.3 1 0
github.com/ziyad/cms-ai/server/internal/store/memory/memory.go:263.2,263.21 1 0
github.com/ziyad/cms-ai/server/internal/store/memory/memory.go:266.108,271.30 4 0
github.com/ziyad/cms-ai/server/internal/store/memory/memory.go:271.30,272.59 1 0
github.com/ziyad/cms-ai/server/internal/store/memory/memory.go:272.59,274.4 1 0
github.com/ziyad/cms-ai/server/internal/store/memory/memory.go:276.2,276.32 1 0
github.com/ziyad/cms-ai/server/internal/store/memory/memory.go:279.78,284.33 4 0
github.com/ziyad/cms-ai/server/internal/store/memory/memory.go:284.33,286.3 1 0
github.com/ziyad/cms-ai/server/internal/store/memory/memory.go:287.2,289.15 3 0
github.com/ziyad/cms-ai/server/internal/store/memory/memory.go:292.71,298.30 5 0
github.com/ziyad/cms-ai/server/internal/store/memory/memory.go:298.30,299.36 1 0
github.com/ziyad/cms-ai/server/internal/store/memory/memory.go:299.36,301.4 1 0
github.com/ziyad/cms-ai/server/internal/store/memory/memory.go:303.2,303.20 1 0
github.com/ziyad/cms-ai/server/internal/store/memory/memory.go:306.70,312.30 5 0
github.com/ziyad/cms-ai/server/internal/store/memory/memory.go:312.30,313.35 1 0
github.com/ziyad/cms-ai/server/internal/store/memory/memory.go:313.35,315.4 1 0
github.com/ziyad/cms-ai/server/internal/store/memory/memory.go:317.2,317.19 1 0
github.com/ziyad/cms-ai/server/internal/store/memory/memory.go:320.75,326.30 5 0
github.com/ziyad/cms-ai/server/internal/store/memory/memory.go:326.30,327.40 1 0
github.com/ziyad/cms-ai/server/internal/store/memory/memory.go:327.40,329.4 1 0
github.com/ziyad/cms-ai/server/internal/store/memory/memory.go:331.2,331.24 1 0
github.com/ziyad/cms-ai/server/internal/store/memory/memory.go:334.76,340.9 5 0
github.com/ziyad/cms-ai/server/internal/store/memory/memory.go:340.9,342.3 1 0
github.com/ziyad/cms-ai/server/internal/store/memory/memory.go:343.2,346.12 4 0
github.com/ziyad/cms-ai/server/internal/store/memory/memory.go:349.78,355.9 5 0
github.com/ziyad/cms-ai/server/internal/store/memory/memory.go:355.9,357.3 1 0
github.com/ziyad/cms-ai/server/internal/store/memory/memory.go:358.2,363.12 6 0
github.com/ziyad/cms-ai/server/internal/store/memory/memory.go:366.103,374.2 6 0
github.com/ziyad/cms-ai/server/internal/store/memory/memory.go:376.99,382.32 5 0
github.com/ziyad/cms-ai/server/internal/store/memory/memory.go:382.32,383.46 1 0
github.com/ziyad/cms-ai/server/internal/store/memory/memory.go:383.46,385.4 1 0
github.com/ziyad/cms-ai/server/internal/store/memory/memory.go:387.2,387.17 1 0
github.com/ziyad/cms-ai/server/internal/store/memory/memory.go:390.90,398.2 6 0
github.com/ziyad/cms-ai/server/internal/store/memory/memory.go:400.72,410.2 8 0
github.com/ziyad/cms-ai/server/internal/store/memory/memory.go:412.89,419.2 5 0
github.com/ziyad/cms-ai/server/internal/store/memory/memory.go:421.95,426.32 4 0
github.com/ziyad/cms-ai/server/internal/store/memory/memory.go:426.32,427.26 1 0
github.com/ziyad/cms-ai/server/internal/store/memory/memory.go:427.26,429.4 1 0
github.com/ziyad/cms-ai/server/internal/store/memory/memory.go:431.2,431.33 1 0
github.com/ziyad/cms-ai/server/internal/store/memory/memory.go:434.78,441.2 5 0
github.com/ziyad/cms-ai/server/internal/store/memory/memory.go:443.93,449.33 5 0
github.com/ziyad/cms-ai/server/internal/store/memory/memory.go:449.33,450.26 1 0
github.com/ziyad/cms-ai/server/internal/store/memory/memory.go:450.26,452.4 1 0
github.com/ziyad/cms-ai/server/internal/store/memory/memory.go:454.2,454.20 1 0
github.com/ziyad/cms-ai/server/internal/store/memory/memory.go:457.96,467.2 8 0
github.com/ziyad/cms-ai/server/internal/store/memory/memory.go:469.106,475.9 5 0
github.com/ziyad/cms-ai/server/internal/store/memory/memory.go:475.9,477.3 1 0
github.com/ziyad/cms-ai/server/internal/store/memory/memory.go:478.2,478.17 1 0
github.com/ziyad/cms-ai/server/internal/worker/worker.go:23.87,30.2 1 1
github.com/ziyad/cms-ai/server/internal/worker/worker.go:32.26,35.2 2 0
github.com/ziyad/cms-ai/server/internal/worker/worker.go:37.25,40.2 2 0
github.com/ziyad/cms-ai/server/internal/worker/worker.go:42.24,47.6 4 0
github.com/ziyad/cms-ai/server/internal/worker/worker.go:47.6,48.10 1 0
github.com/ziyad/cms-ai/server/internal/worker/worker.go:49.17,50.10 1 0
github.com/ziyad/cms-ai/server/internal/worker/worker.go:51.19,52.19 1 0
github.com/ziyad/cms-ai/server/internal/worker/worker.go:57.32,62.16 3 1
github.com/ziyad/cms-ai/server/internal/worker/worker.go:62.16,65.3 2 0
github.com/ziyad/cms-ai/server/internal/worker/worker.go:67.2,68.16 2 1
github.com/ziyad/cms-ai/server/internal/worker/worker.go:68.16,71.3 2 0
github.com/ziyad/cms-ai/server/internal/worker/worker.go:74.2,78.23 3 1
github.com/ziyad/cms-ai/server/internal/worker/worker.go:78.23,81.3 2 0
github.com/ziyad/cms-ai/server/internal/worker/worker.go:83.2,85.30 2 1
github.com/ziyad/cms-ai/server/internal/worker/worker.go:85.30,86.48 1 1
github.com/ziyad/cms-ai/server/internal/worker/worker.go:86.48,88.4 1 1
github.com/ziyad/cms-ai/server/internal/worker/worker.go:92.90,96.27 3 1
github.com/ziyad/cms-ai/server/internal/worker/worker.go:96.27,100.80 3 1
github.com/ziyad/cms-ai/server/internal/worker/worker.go:100.80,102.4 1 1
github.com/ziyad/cms-ai/server/internal/worker/worker.go:105.2,105.18 1 1
github.com/ziyad/cms-ai/server/internal/worker/worker.go:109.32,111.2 1 0
github.com/ziyad/cms-ai/server/internal/worker/worker.go:113.71,116.59 2 1
github.com/ziyad/cms-ai/server/internal/worker/worker.go:116.59,118.3 1 0
github.com/ziyad/cms-ai/server/internal/worker/worker.go:121.2,122.16 2 1
github.com/ziyad/cms-ai/server/internal/worker/worker.go:122.16,124.3 1 0
github.com/ziyad/cms-ai/server/internal/worker/worker.go:125.2,125.9 1 1
github.com/ziyad/cms-ai/server/internal/worker/worker.go:125.9,127.3 1 1
github.com/ziyad/cms-ai/server/internal/worker/worker.go:129.2,132.18 3 1
github.com/ziyad/cms-ai/server/internal/worker/worker.go:133.40,134.72 1 1
github.com/ziyad/cms-ai/server/internal/worker/worker.go:135.24,136.73 1 1
github.com/ziyad/cms-ai/server/internal/worker/worker.go:137.10,138.88 1 1
github.com/ziyad/cms-ai/server/internal/worker/worker.go:141.2,141.23 1 1
github.com/ziyad/cms-ai/server/internal/worker/worker.go:141.23,143.3 1 1
github.com/ziyad/cms-ai/server/internal/worker/worker.go:146.2,148.59 3 1
github.com/ziyad/cms-ai/server/internal/worker/worker.go:148.59,150.3 1 0
github.com/ziyad/cms-ai/server/internal/worker/worker.go:152.2,153.12 2 1
github.com/ziyad/cms-ai/server/internal/worker/worker.go:156.126,159.16 2 1
github.com/ziyad/cms-ai/server/internal/worker/worker.go:159.16,161.3 1 1
github.com/ziyad/cms-ai/server/internal/worker/worker.go:164.2,173.63 3 1
github.com/ziyad/cms-ai/server/internal/worker/worker.go:173.63,175.3 1 0
github.com/ziyad/cms-ai/server/internal/worker/worker.go:178.2,179.16 2 1
github.com/ziyad/cms-ai/server/internal/worker/worker.go:179.16,181.3 1 0
github.com/ziyad/cms-ai/server/internal/worker/worker.go:183.2,183.18 1 1
github.com/ziyad/cms-ai/server/internal/worker/worker.go:186.127,189.16 2 1
github.com/ziyad/cms-ai/server/internal/worker/worker.go:189.16,191.3 1 0
github.com/ziyad/cms-ai/server/internal/worker/worker.go:193.2,193.26 1 1
github.com/ziyad/cms-ai/server/internal/worker/worker.go:193.26,195.3 1 0
github.com/ziyad/cms-ai/server/internal/worker/worker.go:197.2,200.43 2 1
github.com/ziyad/cms-ai/server/internal/worker/worker.go:200.43,211.64 3 1
github.com/ziyad/cms-ai/server/internal/worker/worker.go:211.64,213.4 1 0
github.com/ziyad/cms-ai/server/internal/worker/worker.go:216.3,217.17 2 1
github.com/ziyad/cms-ai/server/internal/worker/worker.go:217.17,219.4 1 0
github.com/ziyad/cms-ai/server/internal/worker/worker.go:221.3,221.40 1 1
github.com/ziyad/cms-ai/server/internal/worker/worker.go:226.2,226.27 1 1
github.com/ziyad/cms-ai/server/internal/worker/worker.go:229.95,236.21 5 1
github.com/ziyad/cms-ai/server/internal/worker/worker.go:236.21,239.3 2 1
github.com/ziyad/cms-ai/server/internal/worker/worker.go:241.2,243.75 2 1
github.com/ziyad/cms-ai/server/internal/worker/worker.go:243.75,247.60 3 1
github.com/ziyad/cms-ai/server/internal/worker/worker.go:247.60,249.4 1 0
github.com/ziyad/cms-ai/server/internal/worker/worker.go:250.3,251.62 2 1
github.com/ziyad/cms-ai/server/internal/worker/worker.go:255.2,261.59 6 1
github.com/ziyad/cms-ai/server/internal/worker/worker.go:261.59,263.3 1 0
github.com/ziyad/cms-ai/server/internal/worker/worker.go:265.2,267.60 3 1
github.com/ziyad/cms-ai/server/internal/worker/worker.go:270.85,272.2 1 0
